<?xml version="1.0" encoding="UTF-8"?>
<testng-results ignored="0" total="1" passed="1" failed="0" skipped="0">
  <reporter-output>
  </reporter-output>
  <suite started-at="2024-09-17T14:11:53 EEST" name="Default suite" finished-at="2024-09-17T14:11:58 EEST" duration-ms="5309">
    <groups>
    </groups>
    <test started-at="2024-09-17T14:11:53 EEST" name="Default test" finished-at="2024-09-17T14:11:58 EEST" duration-ms="5309">
      <class name="Testpackage.TestClass">
        <test-method is-config="true" signature="setup()[pri:0, instance:Testpackage.TestClass@6574a52c]" started-at="2024-09-17T14:11:53 EEST" name="setup" finished-at="2024-09-17T14:11:57 EEST" duration-ms="4268" status="PASS">
          <reporter-output>
          </reporter-output>
        </test-method> <!-- setup -->
        <test-method signature="notloginSuccessfullytest()[pri:0, instance:Testpackage.TestClass@6574a52c]" started-at="2024-09-17T14:11:57 EEST" name="notloginSuccessfullytest" finished-at="2024-09-17T14:11:58 EEST" duration-ms="724" status="PASS">
          <reporter-output>
          </reporter-output>
        </test-method> <!-- notloginSuccessfullytest -->
        <test-method is-config="true" signature="teardown()[pri:0, instance:Testpackage.TestClass@6574a52c]" started-at="2024-09-17T14:11:58 EEST" name="teardown" finished-at="2024-09-17T14:11:58 EEST" duration-ms="246" status="PASS">
          <reporter-output>
          </reporter-output>
        </test-method> <!-- teardown -->
      </class> <!-- Testpackage.TestClass -->
    </test> <!-- Default test -->
  </suite> <!-- Default suite -->
</testng-results>
